2025-12-04 20:37:00 | DEBUG | repo=d | action=commit
2025-03-19 16:52:00 | DEBUG | repo=d | action=commit
2024-07-18 18:46:00 | WARN | repo=d | action=commit
2025-10-19 08:20:00 | DEBUG | repo=d | action=pull
2025-10-05 20:39:00 | INFO | repo=d | action=commit
2025-05-09 08:06:00 | INFO | repo=d | action=test | passed=true
2025-02-17 08:12:00 | WARN | repo=d | action=test | passed=true
2024-10-18 21:20:00 | DEBUG | repo=d | action=commit
2024-04-15 09:14:00 | WARN | repo=d | action=commit
2024-02-01 08:20:00 | INFO | repo=d | action=pull
2024-03-13 15:27:00 | INFO | repo=d | action=commit
2025-02-25 12:44:00 | INFO | repo=d | action=commit
2025-10-24 10:48:00 | WARN | repo=d | action=commit
2024-06-25 14:34:00 | INFO | repo=d | action=commit
2024-06-21 07:44:00 | WARN | repo=d | action=commit
2024-06-10 09:03:00 | DEBUG | repo=d | action=commit
2025-09-18 15:21:00 | INFO | repo=d | action=commit
2025-10-12 19:35:00 | INFO | repo=d | action=commit
2025-02-17 15:12:00 | WARN | repo=d | action=commit
2025-08-04 13:42:00 | DEBUG | repo=d | action=commit
2025-01-11 10:53:00 | INFO | repo=d | action=commit
2025-10-05 20:43:00 | DEBUG | repo=d | action=commit
2025-12-17 19:55:00 | INFO | repo=d | action=commit
2025-10-11 10:58:00 | WARN | repo=d | action=commit
2025-11-13 15:40:00 | WARN | repo=d | action=commit
2025-03-02 20:19:00 | INFO | repo=d | action=commit
2025-06-27 12:27:00 | INFO | repo=d | action=commit
2025-01-11 15:32:00 | WARN | repo=d | action=commit
2025-08-19 08:45:00 | INFO | repo=d | action=commit
2025-11-08 09:04:00 | WARN | repo=d | action=commit
2025-05-25 13:16:00 | INFO | repo=d | action=pull
2025-10-11 07:42:00 | DEBUG | repo=d | action=commit
2025-01-01 20:49:00 | WARN | repo=d | action=edit | files=3
2025-10-06 13:50:00 | DEBUG | repo=d | action=commit
2025-03-06 08:12:00 | DEBUG | repo=d | action=test | passed=true
2025-06-27 09:29:00 | INFO | repo=d | action=test | passed=true
2025-05-03 16:44:00 | INFO | repo=d | action=commit
2025-06-27 09:38:00 | DEBUG | repo=d | action=commit
2025-02-13 20:34:00 | DEBUG | repo=d | action=commit
2025-11-27 19:51:00 | INFO | repo=d | action=commit
2025-01-27 20:50:00 | WARN | repo=d | action=edit | files=5
2025-12-20 18:56:00 | DEBUG | repo=d | action=commit
2025-05-28 18:04:00 | WARN | repo=d | action=pull
2025-11-01 08:12:00 | INFO | repo=d | action=edit | files=4
2025-05-24 17:52:00 | DEBUG | repo=d | action=commit
2025-06-27 10:53:00 | INFO | repo=d | action=commit
2025-11-09 07:49:00 | INFO | repo=d | action=test | passed=true
2025-05-19 07:08:00 | INFO | repo=d | action=commit
2025-04-14 20:13:00 | DEBUG | repo=d | action=edit | files=4
2025-11-16 15:31:00 | INFO | repo=d | action=commit
2025-04-19 09:32:00 | INFO | repo=d | action=edit | files=5
2025-04-22 14:12:00 | DEBUG | repo=d | action=test | passed=true
2025-04-13 13:16:00 | WARN | repo=d | action=test | passed=true
2025-04-21 10:39:00 | DEBUG | repo=d | action=commit
2025-03-17 16:31:00 | WARN | repo=d | action=commit
2025-04-26 12:12:00 | INFO | repo=d | action=commit
2025-01-24 09:05:00 | DEBUG | repo=d | action=commit
2025-02-10 07:04:00 | WARN | repo=d | action=commit
2025-03-03 20:41:00 | DEBUG | repo=d | action=test | passed=true
2025-05-10 14:56:00 | WARN | repo=d | action=commit
2025-05-17 18:50:00 | WARN | repo=d | action=edit | files=1
2025-10-06 19:18:00 | INFO | repo=d | action=commit
2025-12-11 07:13:00 | INFO | repo=d | action=commit
2025-08-11 15:01:00 | DEBUG | repo=d | action=commit
2025-07-16 20:54:00 | WARN | repo=d | action=commit
2025-01-09 19:17:00 | DEBUG | repo=d | action=test | passed=true
2025-10-04 18:11:00 | INFO | repo=d | action=commit
2025-12-17 15:58:00 | INFO | repo=d | action=commit
2025-01-02 13:25:00 | DEBUG | repo=d | action=commit
2025-10-12 11:31:00 | DEBUG | repo=d | action=commit
2025-08-05 13:20:00 | WARN | repo=d | action=commit
2025-08-24 18:01:00 | DEBUG | repo=d | action=commit
2025-08-21 19:47:00 | WARN | repo=d | action=commit
2025-12-12 18:26:00 | WARN | repo=d | action=commit
2025-11-19 18:59:00 | DEBUG | repo=d | action=commit
2025-02-11 09:07:00 | DEBUG | repo=d | action=test | passed=true
2025-06-10 08:46:00 | DEBUG | repo=d | action=commit
2025-09-12 20:36:00 | INFO | repo=d | action=commit
2025-12-01 18:22:00 | WARN | repo=d | action=commit
2025-02-22 12:40:00 | DEBUG | repo=d | action=edit | files=1
2025-09-10 07:17:00 | INFO | repo=d | action=pull
2025-05-27 17:15:00 | DEBUG | repo=d | action=edit | files=2
2025-03-04 13:22:00 | DEBUG | repo=d | action=commit
2025-03-26 20:39:00 | WARN | repo=d | action=pull
2025-03-12 08:02:00 | DEBUG | repo=d | action=pull
2025-11-15 17:15:00 | WARN | repo=d | action=commit
2025-04-24 17:11:00 | DEBUG | repo=d | action=commit
2025-02-06 09:54:00 | INFO | repo=d | action=pull
2025-09-03 07:32:00 | INFO | repo=d | action=pull
2025-07-25 12:50:00 | INFO | repo=d | action=commit
2025-03-02 17:20:00 | DEBUG | repo=d | action=commit
2025-11-12 15:41:00 | INFO | repo=d | action=commit
2025-06-10 17:22:00 | WARN | repo=d | action=commit
2025-04-10 07:24:00 | INFO | repo=d | action=commit
2025-09-06 08:06:00 | DEBUG | repo=d | action=commit
2025-01-28 13:09:00 | DEBUG | repo=d | action=commit
2025-04-13 11:53:00 | DEBUG | repo=d | action=commit
2025-10-22 14:27:00 | WARN | repo=d | action=commit
2025-05-23 17:34:00 | DEBUG | repo=d | action=commit
2025-02-21 21:03:00 | WARN | repo=d | action=commit
2025-05-03 07:34:00 | INFO | repo=d | action=edit | files=3
2025-09-10 13:43:00 | INFO | repo=d | action=commit
2025-05-16 12:19:00 | INFO | repo=d | action=commit
2025-09-17 20:00:00 | WARN | repo=d | action=commit
2025-07-18 14:17:00 | DEBUG | repo=d | action=commit
2025-08-22 21:02:00 | DEBUG | repo=d | action=commit
2025-03-28 11:59:00 | INFO | repo=d | action=commit
2025-02-11 08:02:00 | DEBUG | repo=d | action=edit | files=5
2025-02-05 10:03:00 | WARN | repo=d | action=commit
2025-01-08 13:16:00 | INFO | repo=d | action=commit
2025-10-14 20:25:00 | WARN | repo=d | action=commit
2025-01-13 07:43:00 | DEBUG | repo=d | action=commit
2025-05-10 13:54:00 | DEBUG | repo=d | action=commit
2025-01-21 08:46:00 | WARN | repo=d | action=test | passed=true
2025-06-17 17:58:00 | INFO | repo=d | action=commit
2025-04-01 18:42:00 | DEBUG | repo=d | action=commit
2025-06-13 13:50:00 | DEBUG | repo=d | action=commit
2025-01-12 08:56:00 | INFO | repo=d | action=commit
2025-03-09 11:46:00 | INFO | repo=d | action=commit
2025-12-07 18:26:00 | INFO | repo=d | action=commit
2025-01-05 13:09:00 | DEBUG | repo=d | action=edit | files=5
2025-05-25 08:14:00 | WARN | repo=d | action=commit
2025-11-15 17:49:00 | DEBUG | repo=d | action=commit
2025-02-13 07:22:00 | INFO | repo=d | action=commit
2025-12-08 13:33:00 | WARN | repo=d | action=commit
2025-07-08 20:40:00 | WARN | repo=d | action=commit
2025-09-24 20:18:00 | INFO | repo=d | action=commit
2025-01-24 16:07:00 | DEBUG | repo=d | action=commit
2025-06-13 10:03:00 | DEBUG | repo=d | action=commit
2025-11-03 09:05:00 | WARN | repo=d | action=commit
2025-03-11 15:30:00 | DEBUG | repo=d | action=commit
2025-04-04 21:07:00 | DEBUG | repo=d | action=commit
2025-08-01 21:54:00 | INFO | repo=d | action=commit
2025-11-11 18:02:00 | INFO | repo=d | action=test | passed=true
2025-09-10 13:36:00 | INFO | repo=d | action=commit
2025-04-16 11:56:00 | WARN | repo=d | action=edit | files=3
2025-01-13 19:52:00 | INFO | repo=d | action=pull
2025-06-26 11:37:00 | DEBUG | repo=d | action=commit
2025-07-27 12:22:00 | DEBUG | repo=d | action=commit
2025-11-19 08:57:00 | WARN | repo=d | action=commit
2025-01-02 09:21:00 | INFO | repo=d | action=commit
2025-11-15 20:20:00 | WARN | repo=d | action=commit
2025-08-14 13:27:00 | DEBUG | repo=d | action=commit
2025-02-23 17:31:00 | INFO | repo=d | action=commit
2025-08-07 20:14:00 | DEBUG | repo=d | action=edit | files=3
2025-04-19 20:43:00 | INFO | repo=d | action=commit
2025-11-21 10:47:00 | WARN | repo=d | action=edit | files=1
2025-08-15 15:59:00 | INFO | repo=d | action=commit
2025-03-02 08:23:00 | DEBUG | repo=d | action=commit
2025-06-13 12:56:00 | DEBUG | repo=d | action=pull
2025-04-22 21:25:00 | DEBUG | repo=d | action=commit
2025-11-10 20:01:00 | WARN | repo=d | action=commit
2025-08-18 08:01:00 | DEBUG | repo=d | action=commit
2025-09-27 21:59:00 | DEBUG | repo=d | action=commit
2025-07-05 14:47:00 | WARN | repo=d | action=commit
2025-04-06 21:05:00 | WARN | repo=d | action=commit
2025-06-01 07:49:00 | INFO | repo=d | action=commit
2025-12-10 16:07:00 | INFO | repo=d | action=pull
2025-07-01 10:48:00 | DEBUG | repo=d | action=commit
2025-03-11 13:19:00 | INFO | repo=d | action=commit
2025-06-28 11:23:00 | WARN | repo=d | action=commit
2025-02-14 19:20:00 | DEBUG | repo=d | action=commit
2025-06-06 21:51:00 | INFO | repo=d | action=commit
2025-06-24 09:01:00 | DEBUG | repo=d | action=commit
2025-07-15 21:14:00 | INFO | repo=d | action=commit
2025-08-06 18:19:00 | WARN | repo=d | action=edit | files=5
2025-12-19 17:47:00 | WARN | repo=d | action=commit
2025-07-16 08:26:00 | INFO | repo=d | action=commit
2025-08-20 21:59:00 | WARN | repo=d | action=test | passed=true
2025-12-01 07:27:00 | INFO | repo=d | action=commit
2025-06-12 12:57:00 | INFO | repo=d | action=commit
2025-06-13 12:37:00 | WARN | repo=d | action=edit | files=2
2025-11-21 10:15:00 | DEBUG | repo=d | action=pull
2025-01-25 19:24:00 | DEBUG | repo=d | action=pull
2025-08-01 18:33:00 | INFO | repo=d | action=test | passed=true
2025-01-19 17:37:00 | WARN | repo=d | action=test | passed=true
2025-04-24 19:17:00 | INFO | repo=d | action=pull
2025-04-13 12:44:00 | WARN | repo=d | action=commit
2025-07-04 08:16:00 | DEBUG | repo=d | action=edit | files=3
2025-01-12 07:12:00 | DEBUG | repo=d | action=commit
2025-03-11 21:35:00 | WARN | repo=d | action=commit
2025-10-16 11:41:00 | DEBUG | repo=d | action=commit
2025-12-09 17:42:00 | INFO | repo=d | action=commit
2025-03-20 20:21:00 | INFO | repo=d | action=edit | files=2
2025-07-14 11:14:00 | DEBUG | repo=d | action=commit
2025-10-05 19:23:00 | WARN | repo=d | action=test | passed=true
2025-02-20 10:24:00 | DEBUG | repo=d | action=commit
2025-11-25 13:22:00 | DEBUG | repo=d | action=commit
2023-01-12 15:08:00 | INFO | repo=d | action=commit
2023-05-21 16:41:00 | INFO | repo=d | action=commit
2023-12-10 20:48:00 | INFO | repo=d | action=commit
2025-05-20 20:34:00 | DEBUG | repo=d | action=commit
2023-04-05 09:04:00 | INFO | repo=d | action=commit
2025-06-23 18:26:00 | WARN | repo=d | action=edit | files=5
2024-11-01 07:00:00 | INFO | repo=d | action=commit
2025-04-11 15:16:00 | DEBUG | repo=d | action=commit
2024-07-01 15:06:00 | INFO | repo=d | action=pull
2023-09-16 13:42:00 | WARN | repo=d | action=commit
2024-02-28 07:37:00 | INFO | repo=d | action=pull
2023-11-23 07:39:00 | INFO | repo=d | action=pull
2024-11-09 21:05:00 | WARN | repo=d | action=commit
2024-01-01 20:04:00 | INFO | repo=d | action=commit
2025-07-25 18:24:00 | INFO | repo=d | action=commit
2024-05-23 08:25:00 | DEBUG | repo=d | action=commit
2023-03-18 20:28:00 | INFO | repo=d | action=commit
2025-09-11 10:57:00 | DEBUG | repo=d | action=commit
2023-12-26 13:16:00 | WARN | repo=d | action=commit
2025-11-05 07:14:00 | WARN | repo=d | action=commit
2024-01-25 16:21:00 | DEBUG | repo=d | action=commit
2025-09-08 18:36:00 | WARN | repo=d | action=commit
2023-12-02 16:13:00 | DEBUG | repo=d | action=commit
2025-11-27 12:27:00 | WARN | repo=d | action=pull
2025-12-26 21:16:00 | DEBUG | repo=d | action=edit | files=5
2024-08-22 07:29:00 | WARN | repo=d | action=pull
2024-03-06 08:47:00 | DEBUG | repo=d | action=commit
2024-05-13 14:18:00 | DEBUG | repo=d | action=commit
2023-06-04 15:30:00 | INFO | repo=d | action=test | passed=true
2024-12-15 16:51:00 | DEBUG | repo=d | action=commit
2024-04-12 13:46:00 | DEBUG | repo=d | action=commit
2024-01-18 09:33:00 | DEBUG | repo=d | action=commit
2023-05-18 07:55:00 | INFO | repo=d | action=commit
2023-10-20 16:43:00 | INFO | repo=d | action=pull
2025-12-11 14:18:00 | WARN | repo=d | action=commit
2024-10-16 13:44:00 | DEBUG | repo=d | action=test | passed=true
2024-07-15 15:56:00 | INFO | repo=d | action=edit | files=3
2023-09-23 17:28:00 | WARN | repo=d | action=commit
2023-09-23 16:42:00 | WARN | repo=d | action=commit
2023-02-13 10:31:00 | WARN | repo=d | action=commit
2023-05-04 19:19:00 | INFO | repo=d | action=edit | files=1
2024-02-21 17:59:00 | DEBUG | repo=d | action=commit
2025-02-09 21:35:00 | INFO | repo=d | action=commit
2025-06-06 14:53:00 | DEBUG | repo=d | action=commit
2025-02-06 08:24:00 | DEBUG | repo=d | action=commit
2025-04-02 09:42:00 | WARN | repo=d | action=commit
2025-01-20 20:41:00 | WARN | repo=d | action=commit
2025-03-05 20:18:00 | DEBUG | repo=d | action=commit
2025-02-02 14:07:00 | INFO | repo=d | action=commit
2025-03-22 21:38:00 | INFO | repo=d | action=commit
2025-04-15 14:56:00 | INFO | repo=d | action=edit | files=2
2025-12-10 20:31:00 | DEBUG | repo=d | action=test | passed=true
2025-07-02 14:16:00 | INFO | repo=d | action=commit
2025-03-17 16:21:00 | INFO | repo=d | action=test | passed=true
2025-12-07 10:06:00 | WARN | repo=d | action=commit
2025-08-11 15:45:00 | WARN | repo=d | action=test | passed=true
2025-03-01 18:55:00 | WARN | repo=d | action=test | passed=true
2025-03-09 16:22:00 | DEBUG | repo=d | action=commit
2025-07-25 12:40:00 | WARN | repo=d | action=commit
2025-11-12 07:14:00 | DEBUG | repo=d | action=test | passed=true
2025-11-16 14:54:00 | DEBUG | repo=d | action=commit
2025-11-06 12:07:00 | DEBUG | repo=d | action=commit
2025-10-23 07:46:00 | INFO | repo=d | action=commit
2025-05-24 09:38:00 | INFO | repo=d | action=commit
2025-12-16 08:33:00 | INFO | repo=d | action=commit
2025-01-08 20:12:00 | WARN | repo=d | action=commit
2025-03-16 19:57:00 | WARN | repo=d | action=pull
2025-12-15 09:04:00 | INFO | repo=d | action=edit | files=4
2025-01-10 18:30:00 | DEBUG | repo=d | action=commit
2024-09-04 17:56:00 | WARN | repo=d | action=edit | files=3
2025-07-28 11:30:00 | WARN | repo=d | action=edit | files=5
2024-09-08 21:28:00 | INFO | repo=d | action=edit | files=1
2025-02-21 19:56:00 | DEBUG | repo=d | action=commit
2024-03-19 21:05:00 | WARN | repo=d | action=commit
2025-10-26 07:14:00 | DEBUG | repo=d | action=pull
2025-06-25 18:08:00 | DEBUG | repo=d | action=commit
2024-12-27 16:09:00 | DEBUG | repo=d | action=commit
2024-11-06 08:26:00 | DEBUG | repo=d | action=pull
2023-08-07 18:00:00 | INFO | repo=d | action=test | passed=true
2025-06-12 21:51:00 | WARN | repo=d | action=commit
2024-06-24 19:51:00 | DEBUG | repo=d | action=pull
2023-12-12 12:16:00 | WARN | repo=d | action=commit
2025-03-10 09:27:00 | WARN | repo=d | action=commit
2025-12-26 07:53:00 | INFO | repo=d | action=commit
2025-04-08 07:56:00 | DEBUG | repo=d | action=commit
2025-04-05 11:11:00 | DEBUG | repo=d | action=commit
2025-01-12 17:56:00 | WARN | repo=d | action=edit | files=5
2025-09-14 13:22:00 | WARN | repo=d | action=test | passed=true
2025-05-02 10:28:00 | WARN | repo=d | action=commit
2025-11-03 10:11:00 | INFO | repo=d | action=commit
2025-05-10 07:01:00 | WARN | repo=d | action=test | passed=true
2025-01-21 08:18:00 | DEBUG | repo=d | action=pull
2025-11-11 12:27:00 | INFO | repo=d | action=edit | files=5
2025-01-14 09:51:00 | INFO | repo=d | action=commit
2025-03-06 10:54:00 | DEBUG | repo=d | action=commit
2025-07-24 19:22:00 | WARN | repo=d | action=commit
2025-09-10 17:23:00 | WARN | repo=d | action=commit
2025-02-06 11:38:00 | INFO | repo=d | action=commit
2025-08-13 18:30:00 | DEBUG | repo=d | action=test | passed=true
2025-10-12 13:24:00 | DEBUG | repo=d | action=edit | files=2
2025-02-03 10:47:00 | WARN | repo=d | action=commit
2025-12-11 09:59:00 | WARN | repo=d | action=commit
2025-09-12 15:14:00 | INFO | repo=d | action=commit
2025-11-07 19:28:00 | INFO | repo=d | action=commit
2025-07-07 19:58:00 | INFO | repo=d | action=commit
2025-04-20 11:46:00 | WARN | repo=d | action=commit
2025-07-01 07:42:00 | INFO | repo=d | action=commit
2025-07-20 13:25:00 | WARN | repo=d | action=edit | files=2
2025-08-22 09:08:00 | INFO | repo=d | action=commit
2025-07-15 17:27:00 | DEBUG | repo=d | action=test | passed=true
2025-05-02 21:41:00 | INFO | repo=d | action=commit
2025-04-18 08:18:00 | DEBUG | repo=d | action=edit | files=2
2025-11-17 21:38:00 | INFO | repo=d | action=pull
2025-02-04 12:18:00 | DEBUG | repo=d | action=commit
2025-09-10 20:57:00 | INFO | repo=d | action=commit
2025-12-07 16:27:00 | INFO | repo=d | action=edit | files=1
2025-10-01 08:15:00 | DEBUG | repo=d | action=pull
2025-12-02 07:50:00 | DEBUG | repo=d | action=test | passed=true
2025-09-12 07:48:00 | WARN | repo=d | action=commit
2025-10-28 08:13:00 | INFO | repo=d | action=commit
2025-03-18 18:07:00 | WARN | repo=d | action=edit | files=1
2025-08-26 18:03:00 | DEBUG | repo=d | action=edit | files=3
2025-09-09 19:43:00 | WARN | repo=d | action=commit
2025-09-09 15:10:00 | WARN | repo=d | action=commit
2025-11-27 16:47:00 | INFO | repo=d | action=commit
2025-07-24 18:43:00 | WARN | repo=d | action=pull
2025-03-18 09:01:00 | WARN | repo=d | action=commit
2025-09-20 14:13:00 | DEBUG | repo=d | action=commit
2025-09-23 07:27:00 | DEBUG | repo=d | action=commit
2025-08-21 21:56:00 | DEBUG | repo=d | action=commit
2025-02-12 16:17:00 | INFO | repo=d | action=test | passed=true
2025-11-25 10:47:00 | DEBUG | repo=d | action=commit
2025-09-05 21:27:00 | WARN | repo=d | action=test | passed=true
2025-11-18 07:56:00 | DEBUG | repo=d | action=pull
2025-08-25 11:01:00 | INFO | repo=d | action=commit
2025-10-16 15:46:00 | DEBUG | repo=d | action=test | passed=true
2025-09-24 21:40:00 | DEBUG | repo=d | action=commit
2025-10-14 19:49:00 | INFO | repo=d | action=edit | files=5
2025-07-25 19:48:00 | WARN | repo=d | action=test | passed=true
2025-04-25 07:42:00 | WARN | repo=d | action=commit
2025-09-03 07:40:00 | INFO | repo=d | action=commit
2025-10-25 18:00:00 | INFO | repo=d | action=test | passed=true
2025-09-27 21:44:00 | DEBUG | repo=d | action=commit
2025-08-27 16:26:00 | DEBUG | repo=d | action=commit
2025-03-02 21:00:00 | INFO | repo=d | action=edit | files=5
2025-06-20 12:42:00 | DEBUG | repo=d | action=commit
2025-11-18 08:37:00 | WARN | repo=d | action=commit
2025-12-18 17:22:00 | DEBUG | repo=d | action=commit
2025-07-19 11:52:00 | DEBUG | repo=d | action=edit | files=3
2025-09-28 10:20:00 | INFO | repo=d | action=commit
2025-04-01 21:35:00 | WARN | repo=d | action=commit
2025-02-07 08:49:00 | WARN | repo=d | action=commit
2025-07-21 18:41:00 | INFO | repo=d | action=commit
2025-01-13 10:37:00 | DEBUG | repo=d | action=commit
2025-06-17 19:29:00 | WARN | repo=d | action=pull
2025-10-02 13:27:00 | WARN | repo=d | action=commit
2025-05-05 14:50:00 | WARN | repo=d | action=commit
2025-12-14 10:49:00 | INFO | repo=d | action=commit
2025-05-02 15:00:00 | INFO | repo=d | action=test | passed=true
2025-08-21 21:47:00 | DEBUG | repo=d | action=edit | files=1
2025-12-18 20:20:00 | INFO | repo=d | action=commit
2025-09-25 21:51:00 | DEBUG | repo=d | action=commit
2025-11-22 09:37:00 | DEBUG | repo=d | action=pull
2025-11-17 17:09:00 | INFO | repo=d | action=commit
2025-04-09 13:57:00 | WARN | repo=d | action=commit
2025-06-20 08:35:00 | DEBUG | repo=d | action=commit
2025-01-17 17:45:00 | WARN | repo=d | action=commit
2025-09-18 10:42:00 | DEBUG | repo=d | action=commit
2025-12-09 13:07:00 | DEBUG | repo=d | action=commit
2025-03-22 13:52:00 | WARN | repo=d | action=edit | files=1
2025-12-06 16:16:00 | INFO | repo=d | action=pull
2025-05-12 20:46:00 | DEBUG | repo=d | action=commit
2025-05-04 10:12:00 | DEBUG | repo=d | action=commit
2025-10-21 08:41:00 | INFO | repo=d | action=edit | files=5
2025-01-20 08:00:00 | DEBUG | repo=d | action=pull
2025-11-05 12:45:00 | DEBUG | repo=d | action=edit | files=3
2025-10-03 16:41:00 | INFO | repo=d | action=commit
2025-03-26 08:19:00 | INFO | repo=d | action=commit
2025-06-06 17:48:00 | DEBUG | repo=d | action=test | passed=true
2025-01-09 07:52:00 | INFO | repo=d | action=commit
2025-12-27 14:17:00 | INFO | repo=d | action=commit
2025-12-16 14:55:00 | DEBUG | repo=d | action=commit
2025-01-05 19:29:00 | WARN | repo=d | action=commit
2025-02-22 15:06:00 | WARN | repo=d | action=commit
2025-09-06 14:58:00 | INFO | repo=d | action=commit
2025-12-09 21:10:00 | WARN | repo=d | action=edit | files=3
2025-01-06 07:25:00 | WARN | repo=d | action=edit | files=1
2025-02-24 07:37:00 | WARN | repo=d | action=commit
2025-08-13 12:54:00 | INFO | repo=d | action=commit
2025-10-05 15:40:00 | INFO | repo=d | action=commit
2025-04-15 13:57:00 | INFO | repo=d | action=commit
2025-05-12 17:28:00 | DEBUG | repo=d | action=pull
2025-04-23 20:20:00 | WARN | repo=d | action=commit
2025-11-08 14:22:00 | DEBUG | repo=d | action=edit | files=3
2025-03-02 13:40:00 | INFO | repo=d | action=commit
2025-09-03 11:29:00 | WARN | repo=d | action=edit | files=5
2025-03-20 11:10:00 | INFO | repo=d | action=commit
2025-11-27 13:22:00 | DEBUG | repo=d | action=commit
2025-04-14 16:20:00 | INFO | repo=d | action=commit
2025-01-04 12:38:00 | DEBUG | repo=d | action=commit
2025-04-28 16:16:00 | WARN | repo=d | action=commit
2025-05-19 08:02:00 | DEBUG | repo=d | action=commit
2025-01-24 17:53:00 | WARN | repo=d | action=commit
2025-05-03 16:26:00 | WARN | repo=d | action=commit
2025-03-21 12:08:00 | DEBUG | repo=d | action=commit
2025-01-17 13:41:00 | DEBUG | repo=d | action=pull
2025-02-13 09:38:00 | WARN | repo=d | action=commit
2025-12-19 13:15:00 | DEBUG | repo=d | action=commit
2025-12-21 11:51:00 | DEBUG | repo=d | action=test | passed=true
2025-08-24 20:33:00 | DEBUG | repo=d | action=test | passed=true
2025-12-08 18:37:00 | INFO | repo=d | action=test | passed=true
2025-03-13 21:01:00 | INFO | repo=d | action=pull
2025-04-22 08:56:00 | DEBUG | repo=d | action=commit
2025-09-25 08:11:00 | DEBUG | repo=d | action=commit
2025-08-05 15:07:00 | WARN | repo=d | action=commit
2025-06-27 17:56:00 | DEBUG | repo=d | action=pull
2025-07-10 14:49:00 | WARN | repo=d | action=commit
2025-07-25 18:14:00 | DEBUG | repo=d | action=commit
2025-09-09 08:11:00 | WARN | repo=d | action=commit
2025-04-09 14:32:00 | INFO | repo=d | action=commit
2025-01-17 07:04:00 | INFO | repo=d | action=test | passed=true
2025-12-07 20:28:00 | DEBUG | repo=d | action=commit
2025-10-03 18:24:00 | WARN | repo=d | action=commit
2025-03-17 09:33:00 | DEBUG | repo=d | action=commit
2025-12-13 07:47:00 | DEBUG | repo=d | action=edit | files=5
2025-10-22 13:09:00 | DEBUG | repo=d | action=commit
2025-04-20 09:55:00 | WARN | repo=d | action=commit
2025-06-13 18:54:00 | WARN | repo=d | action=commit
2025-04-12 08:07:00 | DEBUG | repo=d | action=commit
2025-07-13 17:42:00 | WARN | repo=d | action=commit
2025-08-19 21:16:00 | WARN | repo=d | action=commit
2025-01-19 20:48:00 | WARN | repo=d | action=commit
2025-05-11 08:37:00 | WARN | repo=d | action=pull
2025-11-14 08:33:00 | INFO | repo=d | action=commit
2025-07-20 21:19:00 | INFO | repo=d | action=commit
2025-06-03 13:33:00 | INFO | repo=d | action=test | passed=true
2025-03-25 21:02:00 | DEBUG | repo=d | action=commit
2025-05-22 17:54:00 | WARN | repo=d | action=test | passed=true
2025-03-19 18:53:00 | DEBUG | repo=d | action=edit | files=4
2025-04-17 15:13:00 | INFO | repo=d | action=commit
2025-08-17 07:11:00 | DEBUG | repo=d | action=pull
2025-06-28 18:53:00 | INFO | repo=d | action=commit
2025-10-25 07:44:00 | DEBUG | repo=d | action=commit
2025-08-24 09:28:00 | WARN | repo=d | action=commit
2025-06-12 18:54:00 | INFO | repo=d | action=commit
2025-08-01 09:10:00 | WARN | repo=d | action=edit | files=3
2025-08-11 09:40:00 | WARN | repo=d | action=commit
2025-12-14 11:39:00 | DEBUG | repo=d | action=commit
2025-02-25 18:50:00 | DEBUG | repo=d | action=commit
2025-11-09 07:05:00 | DEBUG | repo=d | action=pull
2025-12-16 07:57:00 | DEBUG | repo=d | action=commit
2025-07-19 07:21:00 | DEBUG | repo=d | action=pull
2025-02-28 17:45:00 | WARN | repo=d | action=commit
2025-04-08 19:50:00 | WARN | repo=d | action=edit | files=3
2025-09-23 13:38:00 | INFO | repo=d | action=commit
2025-02-24 09:44:00 | WARN | repo=d | action=commit
2025-04-04 09:33:00 | WARN | repo=d | action=commit
2025-03-08 16:56:00 | DEBUG | repo=d | action=commit
2025-08-18 13:05:00 | WARN | repo=d | action=commit
2025-04-16 18:26:00 | DEBUG | repo=d | action=commit
2025-04-23 19:01:00 | WARN | repo=d | action=pull
2025-01-13 17:57:00 | WARN | repo=d | action=commit
2025-12-27 13:58:00 | INFO | repo=d | action=edit | files=4
2025-06-12 16:04:00 | DEBUG | repo=d | action=commit
2025-09-25 17:33:00 | INFO | repo=d | action=commit
2025-12-22 20:29:00 | WARN | repo=d | action=commit
2025-12-24 07:06:00 | INFO | repo=d | action=edit | files=4
2025-03-19 18:30:00 | INFO | repo=d | action=commit
2025-08-08 17:19:00 | DEBUG | repo=d | action=commit
2025-02-10 20:39:00 | DEBUG | repo=d | action=commit
2025-03-13 19:57:00 | INFO | repo=d | action=commit
2025-11-21 07:46:00 | WARN | repo=d | action=commit
2025-12-11 07:10:00 | WARN | repo=d | action=edit | files=4
2025-12-15 07:03:00 | WARN | repo=d | action=commit
2025-01-20 07:06:00 | WARN | repo=d | action=commit
2025-05-21 14:18:00 | DEBUG | repo=d | action=commit
2025-06-07 12:33:00 | DEBUG | repo=d | action=commit
2025-06-08 08:11:00 | DEBUG | repo=d | action=test | passed=true
2025-11-10 19:49:00 | INFO | repo=d | action=commit
2025-06-12 09:27:00 | WARN | repo=d | action=commit
2025-10-25 18:08:00 | DEBUG | repo=d | action=test | passed=true
2025-03-07 15:12:00 | DEBUG | repo=d | action=commit
2025-07-28 17:08:00 | DEBUG | repo=d | action=commit
2025-09-11 12:00:00 | DEBUG | repo=d | action=test | passed=true
2025-05-19 21:31:00 | INFO | repo=d | action=commit
2025-07-01 07:21:00 | WARN | repo=d | action=pull
2025-10-28 13:17:00 | DEBUG | repo=d | action=commit
2025-12-03 12:21:00 | WARN | repo=d | action=commit
2025-10-16 08:56:00 | WARN | repo=d | action=commit
2025-02-22 16:52:00 | WARN | repo=d | action=commit
2025-09-12 16:02:00 | WARN | repo=d | action=commit
2025-08-07 11:07:00 | INFO | repo=d | action=commit
2025-12-07 15:50:00 | WARN | repo=d | action=commit
2025-07-01 10:15:00 | WARN | repo=d | action=commit
2025-05-14 16:06:00 | WARN | repo=d | action=commit
2025-10-26 18:45:00 | INFO | repo=d | action=commit
2025-03-19 08:53:00 | INFO | repo=d | action=commit
2025-08-18 11:15:00 | INFO | repo=d | action=commit
2025-07-04 17:34:00 | WARN | repo=d | action=commit
2025-04-26 09:27:00 | WARN | repo=d | action=test | passed=true
2025-07-27 16:02:00 | DEBUG | repo=d | action=test | passed=true
2025-08-06 20:42:00 | INFO | repo=d | action=edit | files=4
2025-05-05 18:41:00 | DEBUG | repo=d | action=test | passed=true
2025-07-05 14:27:00 | WARN | repo=d | action=commit
2025-08-08 07:24:00 | INFO | repo=d | action=commit
2025-03-23 16:44:00 | INFO | repo=d | action=commit
2025-12-01 19:55:00 | INFO | repo=d | action=commit
2025-03-17 12:42:00 | DEBUG | repo=d | action=commit
2025-03-17 07:34:00 | WARN | repo=d | action=commit
2025-10-23 20:24:00 | DEBUG | repo=d | action=edit | files=4
2025-07-04 19:30:00 | WARN | repo=d | action=edit | files=2
2025-08-10 18:50:00 | INFO | repo=d | action=commit
2025-02-18 11:58:00 | INFO | repo=d | action=commit
2025-03-11 13:28:00 | WARN | repo=d | action=commit
2025-10-05 18:12:00 | INFO | repo=d | action=test | passed=true
2025-03-21 13:39:00 | DEBUG | repo=d | action=commit
2025-03-22 14:12:00 | DEBUG | repo=d | action=commit
2025-12-03 14:56:00 | INFO | repo=d | action=commit
2025-10-05 18:05:00 | INFO | repo=d | action=commit
2025-12-28 07:00:00 | WARN | repo=d | action=commit
2025-01-21 13:00:00 | WARN | repo=d | action=commit
2025-09-23 12:33:00 | WARN | repo=d | action=commit
2025-02-08 07:05:00 | WARN | repo=d | action=test | passed=true
2025-02-14 08:27:00 | DEBUG | repo=d | action=commit
2025-08-10 17:16:00 | INFO | repo=d | action=commit
2025-12-21 18:47:00 | WARN | repo=d | action=edit | files=1
2025-10-10 21:35:00 | WARN | repo=d | action=edit | files=4
2025-01-01 07:07:00 | WARN | repo=d | action=commit
2025-09-05 21:15:00 | DEBUG | repo=d | action=edit | files=5
2025-04-09 10:36:00 | WARN | repo=d | action=test | passed=true
2025-12-24 19:07:00 | DEBUG | repo=d | action=test | passed=true
2025-11-11 13:07:00 | DEBUG | repo=d | action=commit
2025-10-18 08:34:00 | WARN | repo=d | action=commit
2025-10-08 17:17:00 | DEBUG | repo=d | action=commit
2025-10-09 07:55:00 | INFO | repo=d | action=commit
2025-08-13 18:08:00 | DEBUG | repo=d | action=commit
2025-02-23 21:20:00 | WARN | repo=d | action=test | passed=true
2025-01-06 13:14:00 | WARN | repo=d | action=commit
2025-11-22 13:43:00 | WARN | repo=d | action=pull
2025-09-22 11:58:00 | INFO | repo=d | action=commit
2025-02-07 10:33:00 | WARN | repo=d | action=commit
2025-06-24 21:27:00 | WARN | repo=d | action=commit
2025-05-17 12:51:00 | DEBUG | repo=d | action=commit
2025-04-15 09:02:00 | WARN | repo=d | action=edit | files=4
2025-03-07 15:11:00 | DEBUG | repo=d | action=edit | files=2
2025-01-26 10:56:00 | DEBUG | repo=d | action=test | passed=true
2025-07-17 13:42:00 | INFO | repo=d | action=commit
2025-12-08 21:05:00 | DEBUG | repo=d | action=commit
2025-05-13 19:12:00 | DEBUG | repo=d | action=commit
2025-10-11 13:29:00 | WARN | repo=d | action=test | passed=true
2025-09-14 12:22:00 | DEBUG | repo=d | action=commit
2025-05-06 20:52:00 | WARN | repo=d | action=commit
2025-04-18 14:46:00 | INFO | repo=d | action=commit
2025-12-11 19:12:00 | DEBUG | repo=d | action=pull
2025-08-21 19:27:00 | INFO | repo=d | action=edit | files=4
2025-08-11 13:14:00 | WARN | repo=d | action=commit
2025-04-12 08:08:00 | WARN | repo=d | action=commit
2025-07-15 10:55:00 | INFO | repo=d | action=pull
2025-09-06 12:58:00 | DEBUG | repo=d | action=test | passed=true
2025-03-06 15:43:00 | INFO | repo=d | action=commit
2025-02-20 07:26:00 | DEBUG | repo=d | action=commit
2025-12-05 18:23:00 | WARN | repo=d | action=pull
2025-05-07 20:47:00 | INFO | repo=d | action=pull
2025-06-19 08:03:00 | INFO | repo=d | action=commit
2025-11-10 15:26:00 | INFO | repo=d | action=commit
2025-02-21 13:28:00 | INFO | repo=d | action=commit
2025-03-13 20:08:00 | WARN | repo=d | action=commit
2026-04-15 21:53:00 | INFO | repo=d | action=commit
2026-01-06 15:04:00 | WARN | repo=d | action=commit
2026-01-25 15:34:00 | INFO | repo=d | action=commit
2026-02-15 11:53:00 | INFO | repo=d | action=commit
2026-04-24 14:01:00 | DEBUG | repo=d | action=commit
2026-07-17 18:57:00 | DEBUG | repo=d | action=commit
2026-04-04 07:50:00 | WARN | repo=d | action=commit
2026-06-21 17:41:00 | WARN | repo=d | action=commit
2026-04-07 12:30:00 | WARN | repo=d | action=edit | files=4
2026-10-21 08:08:00 | INFO | repo=d | action=commit
2026-04-28 10:27:00 | INFO | repo=d | action=commit
2026-05-08 21:18:00 | INFO | repo=d | action=commit
2026-12-12 19:20:00 | WARN | repo=d | action=pull
2026-07-15 11:54:00 | INFO | repo=d | action=commit
2026-08-14 18:19:00 | WARN | repo=d | action=commit
2026-07-05 20:15:00 | DEBUG | repo=d | action=test | passed=true
2026-10-02 09:31:00 | INFO | repo=d | action=commit
2025-12-05 07:54:00 | INFO | repo=d | action=commit
2025-04-14 07:49:00 | WARN | repo=d | action=commit
2025-06-09 15:41:00 | DEBUG | repo=d | action=commit
2025-08-01 15:58:00 | DEBUG | repo=d | action=pull
2025-02-18 07:40:00 | DEBUG | repo=d | action=commit
2025-10-24 12:13:00 | WARN | repo=d | action=commit
2025-09-19 08:11:00 | WARN | repo=d | action=pull
2025-06-17 21:08:00 | DEBUG | repo=d | action=edit | files=3
2025-06-01 09:26:00 | WARN | repo=d | action=commit
2025-07-07 19:20:00 | DEBUG | repo=d | action=pull
2025-08-02 07:10:00 | WARN | repo=d | action=pull
2025-03-13 18:33:00 | WARN | repo=d | action=commit
2025-08-17 21:29:00 | WARN | repo=d | action=commit
2025-05-17 20:11:00 | INFO | repo=d | action=commit
2025-08-11 15:39:00 | WARN | repo=d | action=commit
2025-10-16 19:51:00 | INFO | repo=d | action=commit
2025-02-20 19:08:00 | INFO | repo=d | action=commit
2025-05-10 20:20:00 | INFO | repo=d | action=commit
2025-03-07 18:07:00 | DEBUG | repo=d | action=pull
2025-08-27 19:22:00 | WARN | repo=d | action=commit
2025-02-04 08:10:00 | WARN | repo=d | action=commit
2025-11-06 14:15:00 | DEBUG | repo=d | action=commit
2025-07-12 12:16:00 | DEBUG | repo=d | action=pull
2025-10-10 21:24:00 | WARN | repo=d | action=commit
2025-03-15 07:22:00 | WARN | repo=d | action=commit
2025-01-24 07:54:00 | DEBUG | repo=d | action=commit
2025-07-04 07:21:00 | INFO | repo=d | action=commit
2025-04-17 19:53:00 | INFO | repo=d | action=commit
2025-01-02 16:42:00 | WARN | repo=d | action=commit
2025-09-25 21:04:00 | INFO | repo=d | action=test | passed=true
2025-04-17 10:24:00 | INFO | repo=d | action=commit
2025-02-26 16:41:00 | DEBUG | repo=d | action=test | passed=true
2025-10-20 11:35:00 | INFO | repo=d | action=pull
2025-06-03 09:42:00 | INFO | repo=d | action=test | passed=true
2025-08-20 21:58:00 | INFO | repo=d | action=commit
2025-05-19 16:27:00 | WARN | repo=d | action=commit
2025-08-10 07:04:00 | INFO | repo=d | action=pull
2025-11-10 17:07:00 | INFO | repo=d | action=test | passed=true
2025-04-01 14:27:00 | INFO | repo=d | action=commit
2025-12-27 13:37:00 | DEBUG | repo=d | action=edit | files=3
2025-01-19 16:13:00 | DEBUG | repo=d | action=test | passed=true
2025-12-13 21:54:00 | WARN | repo=d | action=commit
2025-12-14 17:22:00 | WARN | repo=d | action=commit
2025-06-17 08:42:00 | WARN | repo=d | action=commit
2025-03-18 20:12:00 | WARN | repo=d | action=pull
2025-03-07 08:06:00 | DEBUG | repo=d | action=commit
2025-03-25 18:18:00 | DEBUG | repo=d | action=pull
2025-02-03 21:22:00 | INFO | repo=d | action=pull
2025-10-21 08:07:00 | WARN | repo=d | action=test | passed=true
2025-10-23 19:09:00 | DEBUG | repo=d | action=test | passed=true
2025-06-24 12:30:00 | DEBUG | repo=d | action=test | passed=true
2025-07-08 20:14:00 | DEBUG | repo=d | action=commit
2025-03-28 09:44:00 | INFO | repo=d | action=test | passed=true
2025-07-26 08:21:00 | DEBUG | repo=d | action=commit
2025-06-14 08:39:00 | WARN | repo=d | action=commit
2025-05-27 11:11:00 | DEBUG | repo=d | action=commit
2025-07-05 19:34:00 | INFO | repo=d | action=commit
2025-06-08 20:05:00 | WARN | repo=d | action=pull
2025-01-28 15:20:00 | DEBUG | repo=d | action=edit | files=2
2025-05-07 20:57:00 | WARN | repo=d | action=commit
2025-04-17 09:51:00 | INFO | repo=d | action=commit
2024-07-02T11:17:00 | nonce=1474032764730247160
2024-10-15T13:17:00 | nonce=9436275752030186129
2025-12-22T20:15:00 | nonce=7512197590676587100
2024-03-23T11:17:00 | nonce=9338131453618787822
2025-11-05T10:45:00 | nonce=13403062530630008325
2024-05-18T09:24:00 | nonce=12757672608516947030
2024-12-10T12:05:00 | nonce=13089470294228639191
2024-01-03T17:32:00 | nonce=15891686127774843714
2024-01-25T12:01:00 | nonce=9344079258935779603
2024-05-04T18:30:00 | nonce=9682766049822875028
2024-07-18T12:45:00 | nonce=17437022682290717092
2024-11-27T10:55:00 | nonce=6467412921262530943
2024-12-29T10:38:00 | nonce=11530297354038180314
2025-02-28T19:53:00 | nonce=8387023062515659428
2025-05-08T14:01:00 | nonce=10545980357937129493
2025-11-22T13:39:00 | nonce=11087251435003516126
2024-05-05T11:51:00 | nonce=5978574860674995600
2025-07-08T12:10:00 | nonce=982675677162888841
2024-12-18T19:16:00 | nonce=15118447767467339463
2024-06-26T18:13:00 | nonce=9148494542050861954
2025-07-25T12:10:00 | nonce=4393793041890166560
2024-03-17T11:07:00 | nonce=11113200892169743804
2024-03-22T09:50:00 | nonce=14920941821430920332
2024-03-25T11:50:00 | nonce=5167484381941655805
2024-05-22T12:43:00 | nonce=835720014789903075
2024-06-18T16:49:00 | nonce=10930074524741690612
2024-06-24T17:10:00 | nonce=11856914362019550476
2024-08-17T14:31:00 | nonce=16401494193514839050
2024-10-10T11:44:00 | nonce=10722954802394252035
2025-02-22T20:43:00 | nonce=6707929675896181169
2025-07-24T17:10:00 | nonce=4582862962311890659
2025-08-30T12:01:00 | nonce=17508118215999200982
2024-12-19T19:31:00 | nonce=3195223133103110422
2024-11-17T19:28:00 | nonce=11011978417478592213
2024-05-21T13:18:00 | nonce=11179857265489174366
2025-05-11T13:42:00 | nonce=16335574204559315676
2024-04-09T17:27:00 | nonce=14235293618766018108
2025-02-25T17:41:00 | nonce=5993998764679485621
2025-06-02T16:28:00 | nonce=2899007091002292708
2024-07-13T12:02:00 | nonce=13115611520754282
2024-07-21T16:32:00 | nonce=14381959011198237388
2024-08-04T20:17:00 | nonce=11355724744298287020
2024-10-13T11:16:00 | nonce=8054635081259019760
2024-12-28T20:34:00 | nonce=16199524980982205098
2025-01-01T20:04:00 | nonce=5737893426827200580
2025-03-18T14:39:00 | nonce=2453872446538898954
2025-03-22T20:35:00 | nonce=5738949940273603835
2025-04-12T16:16:00 | nonce=11365430106654683832
2025-04-25T19:49:00 | nonce=8083645902584404256
2025-05-25T19:15:00 | nonce=9855782567553343687
2025-11-09T20:35:00 | nonce=12327992917615774628
2025-11-21T10:55:00 | nonce=4914280203055897416
2025-03-17T11:21:00 | nonce=8861195020884601940
2024-09-20T09:26:00 | nonce=12885969000325091556
2024-09-02T09:21:00 | nonce=6683767913708863255
2025-03-12T12:55:00 | nonce=10021615410489565763
2024-05-03T18:01:00 | nonce=13005414019340509996
2025-02-21T09:26:00 | nonce=686874844140405506
2024-01-11T10:19:00 | nonce=13885593536914106563
2024-03-05T14:02:00 | nonce=9382048946344007129
2024-03-15T16:49:00 | nonce=13232682669486451690
2025-03-31T12:44:00 | nonce=16419030358178317017
2025-05-07T12:04:00 | nonce=9955682109005922546
2025-07-03T11:42:00 | nonce=161024931251717022
2025-09-13T11:59:00 | nonce=2195652277277889359
2025-12-25T09:18:00 | nonce=11171467916167791667
2024-03-11T19:36:00 | nonce=13903690599037951368
2025-01-09T16:23:00 | nonce=8744262820443387958
2024-10-17T09:26:00 | nonce=276504227862729368
2025-10-28T13:23:00 | nonce=18249707071401955384
2024-02-10T10:15:00 | nonce=14989098473271045827
2024-12-12T13:48:00 | nonce=6203904561141535882
2024-05-07T15:46:00 | nonce=7858829570745017238
2025-10-11T16:02:00 | nonce=7771835447185714434
2024-10-21T09:09:00 | nonce=10067718047262360693
2024-03-14T09:13:00 | nonce=2204004571811081398
2024-12-04T17:26:00 | nonce=11903436077773345212
2025-05-16T18:53:00 | nonce=11525068375655506957
2025-09-30T16:47:00 | nonce=8891308679044236357
2025-11-05T10:21:00 | nonce=10567095587069567111
2025-12-02T15:55:00 | nonce=1904316343483477287
2025-12-30T11:03:00 | nonce=2062556224065717747
2024-06-26T19:05:00 | nonce=5179083257352786771
2025-02-21T16:31:00 | nonce=17926241818249600612
2025-03-21T19:25:00 | nonce=16424489822145035622
2024-03-27T10:28:00 | nonce=6741067747354980418
2024-01-30T12:47:00 | nonce=8801753339551018116
2024-09-29T15:15:00 | nonce=16722722347359526024
2024-10-10T16:35:00 | nonce=8524941891007199732
2025-01-11T15:12:00 | nonce=10158923646149872096
2025-01-24T17:13:00 | nonce=82605993988076759
2025-04-12T10:44:00 | nonce=12961426466476874309
2025-05-05T17:14:00 | nonce=4821286520536191720
2025-06-20T20:58:00 | nonce=7262316948743230279
2025-11-11T15:34:00 | nonce=1815324547134383279
2025-06-19T15:03:00 | nonce=10770375614077057286
2024-05-25T20:38:00 | nonce=4094904034592509506
2025-02-24T13:32:00 | nonce=12784772581330193889
2024-01-11T09:07:00 | nonce=15308186058191257786
2024-04-21T16:02:00 | nonce=14929000571436445548
2024-09-08T11:23:00 | nonce=4701288347743089343
2024-10-31T13:06:00 | nonce=9345070376945256971
2025-06-22T12:05:00 | nonce=6194721088107193046
2025-03-09T19:44:00 | nonce=3550765283410986253
2025-07-14T09:11:00 | nonce=11802284828480007403
2025-07-27T16:50:00 | nonce=13092506878811195076
2025-07-15T13:31:00 | nonce=4942279203446030820
2025-12-15T15:58:00 | nonce=1000376286902984001
2025-09-19T09:29:00 | nonce=8538341136970768161
2025-04-12T16:11:00 | nonce=12269436574208775818
2025-11-26T20:11:00 | nonce=16375999981979162782
2025-10-26T15:15:00 | nonce=4181650529557449284
2025-02-22T18:16:00 | nonce=16927589886835985758
2025-08-28T15:30:00 | nonce=4840449957260153386
2025-06-10T13:50:00 | nonce=4780544219173830293
2025-07-16T09:24:00 | nonce=8580981484786716127
2025-09-05T17:08:00 | nonce=15614712167143010619
2025-09-02T13:22:00 | nonce=9521265162609263098
2025-02-04T11:29:00 | nonce=10496305249767157235
